<?xml version="1.0" encoding="UTF-8"?>
<testsuite name="com.junit.testing.MoodAnalyserTest" tests="1" skipped="0" failures="0" errors="0" timestamp="2020-09-29T10:40:07" hostname="LAPTOP-JP0FR8LN" time="0.007">
  <properties/>
  <testcase name="if_happy_message_return_happy" classname="com.junit.testing.MoodAnalyserTest" time="0.007"/>
  <system-out><![CDATA[]]></system-out>
  <system-err><![CDATA[]]></system-err>
</testsuite>
