<?xml version="1.0" encoding="UTF-8"?>
<testsuite name="com.junit.testing.MoodAnalyserTest" tests="1" skipped="0" failures="0" errors="0" timestamp="2020-09-30T11:43:05" hostname="LAPTOP-JP0FR8LN" time="0.005">
  <properties/>
  <testcase name="if_happy_message_return_happy" classname="com.junit.testing.MoodAnalyserTest" time="0.005"/>
  <system-out><![CDATA[In Finally Block
]]></system-out>
  <system-err><![CDATA[]]></system-err>
</testsuite>
